<?xml version="1.0" encoding="UTF-8"?>
<testsuite xmlns:xsi="http://www.w3.org/2001/XMLSchema-instance" xsi:noNamespaceSchemaLocation="https://maven.apache.org/surefire/maven-failsafe-plugin/xsd/failsafe-test-report.xsd" name="com.gdn.qa.module.ui.testautothon.DefinitionTestSuite" time="208.685" tests="72" errors="0" skipped="0" failures="0">
  <properties>
    <property name="sun.desktop" value="windows"/>
    <property name="awt.toolkit" value="sun.awt.windows.WToolkit"/>
    <property name="file.encoding.pkg" value="sun.io"/>
    <property name="java.specification.version" value="1.8"/>
    <property name="sun.cpu.isalist" value="amd64"/>
    <property name="sun.jnu.encoding" value="Cp1252"/>
    <property name="java.class.path" value="D:\latihan\serenity-spring-integration-master\target\test-classes;D:\latihan\serenity-spring-integration-master\target\autothon-trial-1.0.0-SNAPSHOT.jar;C:\Users\angga.pangestika\.m2\repository\net\serenity-bdd\serenity-core\2.0.54\serenity-core-2.0.54.jar;C:\Users\angga.pangestika\.m2\repository\net\bytebuddy\byte-buddy\1.9.12\byte-buddy-1.9.12.jar;C:\Users\angga.pangestika\.m2\repository\net\bytebuddy\byte-buddy-agent\1.9.12\byte-buddy-agent-1.9.12.jar;C:\Users\angga.pangestika\.m2\repository\com\google\guava\guava\25.0-jre\guava-25.0-jre.jar;C:\Users\angga.pangestika\.m2\repository\com\google\code\findbugs\jsr305\1.3.9\jsr305-1.3.9.jar;C:\Users\angga.pangestika\.m2\repository\org\checkerframework\checker-compat-qual\2.0.0\checker-compat-qual-2.0.0.jar;C:\Users\angga.pangestika\.m2\repository\com\google\errorprone\error_prone_annotations\2.1.3\error_prone_annotations-2.1.3.jar;C:\Users\angga.pangestika\.m2\repository\com\google\j2objc\j2objc-annotations\1.1\j2objc-annotations-1.1.jar;C:\Users\angga.pangestika\.m2\repository\org\codehaus\mojo\animal-sniffer-annotations\1.14\animal-sniffer-annotations-1.14.jar;C:\Users\angga.pangestika\.m2\repository\com\google\inject\guice\4.2.2\guice-4.2.2.jar;C:\Users\angga.pangestika\.m2\repository\javax\inject\javax.inject\1\javax.inject-1.jar;C:\Users\angga.pangestika\.m2\repository\aopalliance\aopalliance\1.0\aopalliance-1.0.jar;C:\Users\angga.pangestika\.m2\repository\cglib\cglib\3.2.5\cglib-3.2.5.jar;C:\Users\angga.pangestika\.m2\repository\org\ow2\asm\asm\5.0.3\asm-5.0.3.jar;C:\Users\angga.pangestika\.m2\repository\commons-codec\commons-codec\1.10\commons-codec-1.10.jar;C:\Users\angga.pangestika\.m2\repository\org\objenesis\objenesis\2.6\objenesis-2.6.jar;C:\Users\angga.pangestika\.m2\repository\org\slf4j\slf4j-api\1.7.25\slf4j-api-1.7.25.jar;C:\Users\angga.pangestika\.m2\repository\xml-apis\xml-apis\1.4.01\xml-apis-1.4.01.jar;C:\Users\angga.pangestika\.m2\repository\io\cucumber\cucumber-core\2.4.0\cucumber-core-2.4.0.jar;C:\Users\angga.pangestika\.m2\repository\info\cukes\cucumber-html\0.2.6\cucumber-html-0.2.6.jar;C:\Users\angga.pangestika\.m2\repository\io\cucumber\cucumber-jvm-deps\1.0.6\cucumber-jvm-deps-1.0.6.jar;C:\Users\angga.pangestika\.m2\repository\io\cucumber\gherkin\5.0.0\gherkin-5.0.0.jar;C:\Users\angga.pangestika\.m2\repository\io\cucumber\tag-expressions\1.1.1\tag-expressions-1.1.1.jar;C:\Users\angga.pangestika\.m2\repository\commons-logging\commons-logging\1.2\commons-logging-1.2.jar;C:\Users\angga.pangestika\.m2\repository\junit\junit\4.12\junit-4.12.jar;C:\Users\angga.pangestika\.m2\repository\io\vavr\vavr\0.9.0\vavr-0.9.0.jar;C:\Users\angga.pangestika\.m2\repository\io\vavr\vavr-match\0.9.0\vavr-match-0.9.0.jar;C:\Users\angga.pangestika\.m2\repository\javax\xml\bind\jaxb-api\2.2.12\jaxb-api-2.2.12.jar;C:\Users\angga.pangestika\.m2\repository\com\sun\xml\bind\jaxb-core\2.3.0.1\jaxb-core-2.3.0.1.jar;C:\Users\angga.pangestika\.m2\repository\com\sun\xml\bind\jaxb-impl\2.3.0.1\jaxb-impl-2.3.0.1.jar;C:\Users\angga.pangestika\.m2\repository\javax\activation\activation\1.1.1\activation-1.1.1.jar;C:\Users\angga.pangestika\.m2\repository\org\mockito\mockito-core\2.25.0\mockito-core-2.25.0.jar;C:\Users\angga.pangestika\.m2\repository\net\serenity-bdd\serenity-report-resources\2.0.54\serenity-report-resources-2.0.54.jar;C:\Users\angga.pangestika\.m2\repository\net\serenity-bdd\serenity-model\2.0.54\serenity-model-2.0.54.jar;C:\Users\angga.pangestika\.m2\repository\commons-net\commons-net\3.6\commons-net-3.6.jar;C:\Users\angga.pangestika\.m2\repository\org\apache\commons\commons-text\1.6\commons-text-1.6.jar;C:\Users\angga.pangestika\.m2\repository\net\serenity-bdd\serenity-reports\2.0.54\serenity-reports-2.0.54.jar;C:\Users\angga.pangestika\.m2\repository\net\serenity-bdd\serenity-stats\2.0.54\serenity-stats-2.0.54.jar;C:\Users\angga.pangestika\.m2\repository\org\jetbrains\kotlin\kotlin-stdlib\1.3.31\kotlin-stdlib-1.3.31.jar;C:\Users\angga.pangestika\.m2\repository\org\jetbrains\kotlin\kotlin-stdlib-common\1.3.31\kotlin-stdlib-common-1.3.31.jar;C:\Users\angga.pangestika\.m2\repository\org\jetbrains\annotations\13.0\annotations-13.0.jar;C:\Users\angga.pangestika\.m2\repository\com\google\code\gson\gson\2.8.4\gson-2.8.4.jar;C:\Users\angga.pangestika\.m2\repository\commons-io\commons-io\2.6\commons-io-2.6.jar;C:\Users\angga.pangestika\.m2\repository\org\seleniumhq\selenium\selenium-server\3.141.59\selenium-server-3.141.59.jar;C:\Users\angga.pangestika\.m2\repository\org\seleniumhq\selenium\selenium-firefox-driver\3.141.59\selenium-firefox-driver-3.141.59.jar;C:\Users\angga.pangestika\.m2\repository\org\seleniumhq\selenium\selenium-ie-driver\3.141.59\selenium-ie-driver-3.141.59.jar;C:\Users\angga.pangestika\.m2\repository\com\beust\jcommander\1.72\jcommander-1.72.jar;C:\Users\angga.pangestika\.m2\repository\org\apache\commons\commons-exec\1.3\commons-exec-1.3.jar;C:\Users\angga.pangestika\.m2\repository\net\jcip\jcip-annotations\1.0\jcip-annotations-1.0.jar;C:\Users\angga.pangestika\.m2\repository\org\seleniumhq\selenium\jetty-repacked\9.4.12.v20180830\jetty-repacked-9.4.12.v20180830.jar;C:\Users\angga.pangestika\.m2\repository\com\squareup\okhttp3\okhttp\3.11.0\okhttp-3.11.0.jar;C:\Users\angga.pangestika\.m2\repository\com\squareup\okio\okio\1.14.0\okio-1.14.0.jar;C:\Users\angga.pangestika\.m2\repository\javax\servlet\javax.servlet-api\3.1.0\javax.servlet-api-3.1.0.jar;C:\Users\angga.pangestika\.m2\repository\org\yaml\snakeyaml\1.19\snakeyaml-1.19.jar;C:\Users\angga.pangestika\.m2\repository\org\seleniumhq\selenium\selenium-java\3.141.59\selenium-java-3.141.59.jar;C:\Users\angga.pangestika\.m2\repository\org\seleniumhq\selenium\selenium-api\3.141.59\selenium-api-3.141.59.jar;C:\Users\angga.pangestika\.m2\repository\org\seleniumhq\selenium\selenium-chrome-driver\3.141.59\selenium-chrome-driver-3.141.59.jar;C:\Users\angga.pangestika\.m2\repository\org\seleniumhq\selenium\selenium-edge-driver\3.141.59\selenium-edge-driver-3.141.59.jar;C:\Users\angga.pangestika\.m2\repository\org\seleniumhq\selenium\selenium-remote-driver\3.141.59\selenium-remote-driver-3.141.59.jar;C:\Users\angga.pangestika\.m2\repository\org\seleniumhq\selenium\selenium-safari-driver\3.141.59\selenium-safari-driver-3.141.59.jar;C:\Users\angga.pangestika\.m2\repository\org\seleniumhq\selenium\selenium-opera-driver\3.141.59\selenium-opera-driver-3.141.59.jar;C:\Users\angga.pangestika\.m2\repository\org\seleniumhq\selenium\selenium-support\3.141.59\selenium-support-3.141.59.jar;C:\Users\angga.pangestika\.m2\repository\com\paulhammant\ngwebdriver\1.1.4\ngwebdriver-1.1.4.jar;C:\Users\angga.pangestika\.m2\repository\com\codeborne\phantomjsdriver\1.4.4\phantomjsdriver-1.4.4.jar;C:\Users\angga.pangestika\.m2\repository\org\eclipse\jetty\jetty-util\9.4.8.v20171121\jetty-util-9.4.8.v20171121.jar;C:\Users\angga.pangestika\.m2\repository\org\eclipse\jetty\jetty-io\9.4.8.v20171121\jetty-io-9.4.8.v20171121.jar;C:\Users\angga.pangestika\.m2\repository\org\seleniumhq\selenium\htmlunit-driver\2.33.1\htmlunit-driver-2.33.1.jar;C:\Users\angga.pangestika\.m2\repository\io\appium\java-client\7.0.0\java-client-7.0.0.jar;C:\Users\angga.pangestika\.m2\repository\commons-validator\commons-validator\1.6\commons-validator-1.6.jar;C:\Users\angga.pangestika\.m2\repository\commons-beanutils\commons-beanutils\1.9.2\commons-beanutils-1.9.2.jar;C:\Users\angga.pangestika\.m2\repository\commons-digester\commons-digester\1.8.1\commons-digester-1.8.1.jar;C:\Users\angga.pangestika\.m2\repository\org\aspectj\aspectjweaver\1.9.1\aspectjweaver-1.9.1.jar;C:\Users\angga.pangestika\.m2\repository\org\springframework\spring-context-support\5.1.2.RELEASE\spring-context-support-5.1.2.RELEASE.jar;C:\Users\angga.pangestika\.m2\repository\org\springframework\spring-beans\5.1.2.RELEASE\spring-beans-5.1.2.RELEASE.jar;C:\Users\angga.pangestika\.m2\repository\org\glassfish\tyrus\tyrus-core\1.13.1\tyrus-core-1.13.1.jar;C:\Users\angga.pangestika\.m2\repository\org\glassfish\tyrus\tyrus-spi\1.13.1\tyrus-spi-1.13.1.jar;C:\Users\angga.pangestika\.m2\repository\javax\websocket\javax.websocket-api\1.1\javax.websocket-api-1.1.jar;C:\Users\angga.pangestika\.m2\repository\org\codehaus\groovy\groovy\2.5.5\groovy-2.5.5.jar;C:\Users\angga.pangestika\.m2\repository\net\sf\opencsv\opencsv\2.0\opencsv-2.0.jar;C:\Users\angga.pangestika\.m2\repository\commons-beanutils\commons-beanutils-core\1.8.3\commons-beanutils-core-1.8.3.jar;C:\Users\angga.pangestika\.m2\repository\joda-time\joda-time\2.7\joda-time-2.7.jar;C:\Users\angga.pangestika\.m2\repository\com\thoughtworks\xstream\xstream\1.4.9\xstream-1.4.9.jar;C:\Users\angga.pangestika\.m2\repository\xmlpull\xmlpull\1.1.3.1\xmlpull-1.1.3.1.jar;C:\Users\angga.pangestika\.m2\repository\xpp3\xpp3_min\1.1.4c\xpp3_min-1.1.4c.jar;C:\Users\angga.pangestika\.m2\repository\org\apache\commons\commons-lang3\3.8.1\commons-lang3-3.8.1.jar;C:\Users\angga.pangestika\.m2\repository\commons-collections\commons-collections\3.2.2\commons-collections-3.2.2.jar;C:\Users\angga.pangestika\.m2\repository\org\freemarker\freemarker\2.3.28\freemarker-2.3.28.jar;C:\Users\angga.pangestika\.m2\repository\net\sourceforge\jexcelapi\jxl\2.6.12\jxl-2.6.12.jar;C:\Users\angga.pangestika\.m2\repository\org\hamcrest\hamcrest-core\1.3\hamcrest-core-1.3.jar;C:\Users\angga.pangestika\.m2\repository\org\hamcrest\hamcrest-library\1.3\hamcrest-library-1.3.jar;C:\Users\angga.pangestika\.m2\repository\net\sourceforge\htmlunit\htmlunit\2.33\htmlunit-2.33.jar;C:\Users\angga.pangestika\.m2\repository\net\sourceforge\htmlunit\htmlunit-core-js\2.33\htmlunit-core-js-2.33.jar;C:\Users\angga.pangestika\.m2\repository\net\sourceforge\htmlunit\neko-htmlunit\2.33\neko-htmlunit-2.33.jar;C:\Users\angga.pangestika\.m2\repository\xerces\xercesImpl\2.12.0\xercesImpl-2.12.0.jar;C:\Users\angga.pangestika\.m2\repository\net\sourceforge\htmlunit\htmlunit-cssparser\1.2.0\htmlunit-cssparser-1.2.0.jar;C:\Users\angga.pangestika\.m2\repository\org\eclipse\jetty\websocket\websocket-client\9.4.12.v20180830\websocket-client-9.4.12.v20180830.jar;C:\Users\angga.pangestika\.m2\repository\org\eclipse\jetty\jetty-client\9.4.12.v20180830\jetty-client-9.4.12.v20180830.jar;C:\Users\angga.pangestika\.m2\repository\org\eclipse\jetty\jetty-http\9.4.12.v20180830\jetty-http-9.4.12.v20180830.jar;C:\Users\angga.pangestika\.m2\repository\org\eclipse\jetty\jetty-xml\9.4.12.v20180830\jetty-xml-9.4.12.v20180830.jar;C:\Users\angga.pangestika\.m2\repository\org\eclipse\jetty\websocket\websocket-common\9.4.12.v20180830\websocket-common-9.4.12.v20180830.jar;C:\Users\angga.pangestika\.m2\repository\org\eclipse\jetty\websocket\websocket-api\9.4.12.v20180830\websocket-api-9.4.12.v20180830.jar;C:\Users\angga.pangestika\.m2\repository\org\apache\httpcomponents\httpclient\4.5.5\httpclient-4.5.5.jar;C:\Users\angga.pangestika\.m2\repository\org\apache\httpcomponents\httpcore\4.4.9\httpcore-4.4.9.jar;C:\Users\angga.pangestika\.m2\repository\org\apache\httpcomponents\httpmime\4.5.5\httpmime-4.5.5.jar;C:\Users\angga.pangestika\.m2\repository\org\fluentlenium\fluentlenium-core\0.10.2\fluentlenium-core-0.10.2.jar;C:\Users\angga.pangestika\.m2\repository\com\jhlabs\filters\2.0.235\filters-2.0.235.jar;C:\Users\angga.pangestika\.m2\repository\org\asciidoctor\asciidoctorj\1.5.6\asciidoctorj-1.5.6.jar;C:\Users\angga.pangestika\.m2\repository\org\jruby\jruby-complete\1.7.26\jruby-complete-1.7.26.jar;C:\Users\angga.pangestika\.m2\repository\org\imgscalr\imgscalr-lib\4.2\imgscalr-lib-4.2.jar;C:\Users\angga.pangestika\.m2\repository\javax\el\javax.el-api\2.2.4\javax.el-api-2.2.4.jar;C:\Users\angga.pangestika\.m2\repository\org\glassfish\web\javax.el\2.2.4\javax.el-2.2.4.jar;C:\Users\angga.pangestika\.m2\repository\xalan\xalan\2.7.2\xalan-2.7.2.jar;C:\Users\angga.pangestika\.m2\repository\xalan\serializer\2.7.2\serializer-2.7.2.jar;C:\Users\angga.pangestika\.m2\repository\org\awaitility\awaitility\3.1.0\awaitility-3.1.0.jar;C:\Users\angga.pangestika\.m2\repository\com\typesafe\config\1.3.1\config-1.3.1.jar;C:\Users\angga.pangestika\.m2\repository\org\jsoup\jsoup\1.10.3\jsoup-1.10.3.jar;C:\Users\angga.pangestika\.m2\repository\com\google\jimfs\jimfs\1.1\jimfs-1.1.jar;C:\Users\angga.pangestika\.m2\repository\es\nitaur\markdown\txtmark\0.16\txtmark-0.16.jar;C:\Users\angga.pangestika\.m2\repository\com\vladsch\flexmark\flexmark-all\0.34.30\flexmark-all-0.34.30.jar;C:\Users\angga.pangestika\.m2\repository\com\vladsch\flexmark\flexmark\0.34.30\flexmark-0.34.30.jar;C:\Users\angga.pangestika\.m2\repository\com\vladsch\flexmark\flexmark-ext-abbreviation\0.34.30\flexmark-ext-abbreviation-0.34.30.jar;C:\Users\angga.pangestika\.m2\repository\com\vladsch\flexmark\flexmark-ext-admonition\0.34.30\flexmark-ext-admonition-0.34.30.jar;C:\Users\angga.pangestika\.m2\repository\com\vladsch\flexmark\flexmark-ext-anchorlink\0.34.30\flexmark-ext-anchorlink-0.34.30.jar;C:\Users\angga.pangestika\.m2\repository\com\vladsch\flexmark\flexmark-ext-aside\0.34.30\flexmark-ext-aside-0.34.30.jar;C:\Users\angga.pangestika\.m2\repository\com\vladsch\flexmark\flexmark-ext-attributes\0.34.30\flexmark-ext-attributes-0.34.30.jar;C:\Users\angga.pangestika\.m2\repository\com\vladsch\flexmark\flexmark-ext-autolink\0.34.30\flexmark-ext-autolink-0.34.30.jar;C:\Users\angga.pangestika\.m2\repository\org\nibor\autolink\autolink\0.6.0\autolink-0.6.0.jar;C:\Users\angga.pangestika\.m2\repository\com\vladsch\flexmark\flexmark-ext-definition\0.34.30\flexmark-ext-definition-0.34.30.jar;C:\Users\angga.pangestika\.m2\repository\com\vladsch\flexmark\flexmark-ext-emoji\0.34.30\flexmark-ext-emoji-0.34.30.jar;C:\Users\angga.pangestika\.m2\repository\com\vladsch\flexmark\flexmark-ext-enumerated-reference\0.34.30\flexmark-ext-enumerated-reference-0.34.30.jar;C:\Users\angga.pangestika\.m2\repository\com\vladsch\flexmark\flexmark-ext-escaped-character\0.34.30\flexmark-ext-escaped-character-0.34.30.jar;C:\Users\angga.pangestika\.m2\repository\com\vladsch\flexmark\flexmark-ext-footnotes\0.34.30\flexmark-ext-footnotes-0.34.30.jar;C:\Users\angga.pangestika\.m2\repository\com\vladsch\flexmark\flexmark-ext-gfm-issues\0.34.30\flexmark-ext-gfm-issues-0.34.30.jar;C:\Users\angga.pangestika\.m2\repository\com\vladsch\flexmark\flexmark-ext-gfm-strikethrough\0.34.30\flexmark-ext-gfm-strikethrough-0.34.30.jar;C:\Users\angga.pangestika\.m2\repository\com\vladsch\flexmark\flexmark-ext-gfm-tables\0.34.30\flexmark-ext-gfm-tables-0.34.30.jar;C:\Users\angga.pangestika\.m2\repository\com\vladsch\flexmark\flexmark-ext-gfm-tasklist\0.34.30\flexmark-ext-gfm-tasklist-0.34.30.jar;C:\Users\angga.pangestika\.m2\repository\com\vladsch\flexmark\flexmark-ext-gfm-users\0.34.30\flexmark-ext-gfm-users-0.34.30.jar;C:\Users\angga.pangestika\.m2\repository\com\vladsch\flexmark\flexmark-ext-gitlab\0.34.30\flexmark-ext-gitlab-0.34.30.jar;C:\Users\angga.pangestika\.m2\repository\com\vladsch\flexmark\flexmark-ext-jekyll-front-matter\0.34.30\flexmark-ext-jekyll-front-matter-0.34.30.jar;C:\Users\angga.pangestika\.m2\repository\com\vladsch\flexmark\flexmark-ext-jekyll-tag\0.34.30\flexmark-ext-jekyll-tag-0.34.30.jar;C:\Users\angga.pangestika\.m2\repository\com\vladsch\flexmark\flexmark-ext-media-tags\0.34.30\flexmark-ext-media-tags-0.34.30.jar;C:\Users\angga.pangestika\.m2\repository\com\vladsch\flexmark\flexmark-test-util\0.34.30\flexmark-test-util-0.34.30.jar;C:\Users\angga.pangestika\.m2\repository\com\vladsch\flexmark\flexmark-ext-ins\0.34.30\flexmark-ext-ins-0.34.30.jar;C:\Users\angga.pangestika\.m2\repository\com\vladsch\flexmark\flexmark-ext-xwiki-macros\0.34.30\flexmark-ext-xwiki-macros-0.34.30.jar;C:\Users\angga.pangestika\.m2\repository\com\vladsch\flexmark\flexmark-ext-superscript\0.34.30\flexmark-ext-superscript-0.34.30.jar;C:\Users\angga.pangestika\.m2\repository\com\vladsch\flexmark\flexmark-ext-tables\0.34.30\flexmark-ext-tables-0.34.30.jar;C:\Users\angga.pangestika\.m2\repository\com\vladsch\flexmark\flexmark-ext-toc\0.34.30\flexmark-ext-toc-0.34.30.jar;C:\Users\angga.pangestika\.m2\repository\com\vladsch\flexmark\flexmark-ext-typographic\0.34.30\flexmark-ext-typographic-0.34.30.jar;C:\Users\angga.pangestika\.m2\repository\com\vladsch\flexmark\flexmark-ext-wikilink\0.34.30\flexmark-ext-wikilink-0.34.30.jar;C:\Users\angga.pangestika\.m2\repository\com\vladsch\flexmark\flexmark-ext-yaml-front-matter\0.34.30\flexmark-ext-yaml-front-matter-0.34.30.jar;C:\Users\angga.pangestika\.m2\repository\com\vladsch\flexmark\flexmark-ext-youtube-embedded\0.34.30\flexmark-ext-youtube-embedded-0.34.30.jar;C:\Users\angga.pangestika\.m2\repository\com\vladsch\flexmark\flexmark-formatter\0.34.30\flexmark-formatter-0.34.30.jar;C:\Users\angga.pangestika\.m2\repository\com\vladsch\flexmark\flexmark-html-parser\0.34.30\flexmark-html-parser-0.34.30.jar;C:\Users\angga.pangestika\.m2\repository\com\vladsch\flexmark\flexmark-jira-converter\0.34.30\flexmark-jira-converter-0.34.30.jar;C:\Users\angga.pangestika\.m2\repository\com\vladsch\flexmark\flexmark-pdf-converter\0.34.30\flexmark-pdf-converter-0.34.30.jar;C:\Users\angga.pangestika\.m2\repository\com\openhtmltopdf\openhtmltopdf-core\0.0.1-RC13\openhtmltopdf-core-0.0.1-RC13.jar;C:\Users\angga.pangestika\.m2\repository\com\openhtmltopdf\openhtmltopdf-pdfbox\0.0.1-RC13\openhtmltopdf-pdfbox-0.0.1-RC13.jar;C:\Users\angga.pangestika\.m2\repository\org\apache\pdfbox\pdfbox\2.0.8\pdfbox-2.0.8.jar;C:\Users\angga.pangestika\.m2\repository\org\apache\pdfbox\fontbox\2.0.8\fontbox-2.0.8.jar;C:\Users\angga.pangestika\.m2\repository\org\apache\pdfbox\xmpbox\2.0.8\xmpbox-2.0.8.jar;C:\Users\angga.pangestika\.m2\repository\de\rototor\pdfbox\graphics2d\0.12\graphics2d-0.12.jar;C:\Users\angga.pangestika\.m2\repository\com\openhtmltopdf\openhtmltopdf-rtl-support\0.0.1-RC13\openhtmltopdf-rtl-support-0.0.1-RC13.jar;C:\Users\angga.pangestika\.m2\repository\com\ibm\icu\icu4j\59.1\icu4j-59.1.jar;C:\Users\angga.pangestika\.m2\repository\com\openhtmltopdf\openhtmltopdf-jsoup-dom-converter\0.0.1-RC13\openhtmltopdf-jsoup-dom-converter-0.0.1-RC13.jar;C:\Users\angga.pangestika\.m2\repository\com\vladsch\flexmark\flexmark-profile-pegdown\0.34.30\flexmark-profile-pegdown-0.34.30.jar;C:\Users\angga.pangestika\.m2\repository\com\vladsch\flexmark\flexmark-util\0.34.30\flexmark-util-0.34.30.jar;C:\Users\angga.pangestika\.m2\repository\com\vladsch\flexmark\flexmark-youtrack-converter\0.34.30\flexmark-youtrack-converter-0.34.30.jar;C:\Users\angga.pangestika\.m2\repository\org\projectlombok\lombok\1.18.8\lombok-1.18.8.jar;C:\Users\angga.pangestika\.m2\repository\log4j\log4j\1.2.17\log4j-1.2.17.jar;C:\Users\angga.pangestika\.m2\repository\net\serenity-bdd\serenity-cucumber\1.9.39\serenity-cucumber-1.9.39.jar;C:\Users\angga.pangestika\.m2\repository\net\serenity-bdd\serenity-screenplay\2.0.52\serenity-screenplay-2.0.52.jar;C:\Users\angga.pangestika\.m2\repository\uk\com\robust-it\cloning\1.9.10\cloning-1.9.10.jar;C:\Users\angga.pangestika\.m2\repository\net\serenity-bdd\serenity-screenplay-webdriver\2.0.52\serenity-screenplay-webdriver-2.0.52.jar;C:\Users\angga.pangestika\.m2\repository\io\cucumber\cucumber-java\2.4.0\cucumber-java-2.4.0.jar;C:\Users\angga.pangestika\.m2\repository\io\cucumber\cucumber-junit\2.4.0\cucumber-junit-2.4.0.jar;C:\Users\angga.pangestika\.m2\repository\org\apache\commons\commons-csv\1.5\commons-csv-1.5.jar;C:\Users\angga.pangestika\.m2\repository\net\serenity-bdd\serenity-spring\2.0.54\serenity-spring-2.0.54.jar;C:\Users\angga.pangestika\.m2\repository\net\serenity-bdd\serenity-junit\2.0.54\serenity-junit-2.0.54.jar;C:\Users\angga.pangestika\.m2\repository\org\springframework\spring-test\5.1.2.RELEASE\spring-test-5.1.2.RELEASE.jar;C:\Users\angga.pangestika\.m2\repository\org\springframework\spring-context\5.1.2.RELEASE\spring-context-5.1.2.RELEASE.jar;C:\Users\angga.pangestika\.m2\repository\org\springframework\spring-aop\5.1.2.RELEASE\spring-aop-5.1.2.RELEASE.jar;C:\Users\angga.pangestika\.m2\repository\org\springframework\spring-expression\5.1.2.RELEASE\spring-expression-5.1.2.RELEASE.jar;C:\Users\angga.pangestika\.m2\repository\org\springframework\boot\spring-boot\2.1.6.RELEASE\spring-boot-2.1.6.RELEASE.jar;C:\Users\angga.pangestika\.m2\repository\org\springframework\spring-core\5.1.8.RELEASE\spring-core-5.1.8.RELEASE.jar;C:\Users\angga.pangestika\.m2\repository\org\springframework\spring-jcl\5.1.8.RELEASE\spring-jcl-5.1.8.RELEASE.jar;C:\Users\angga.pangestika\.m2\repository\org\springframework\boot\spring-boot-starter-test\2.1.6.RELEASE\spring-boot-starter-test-2.1.6.RELEASE.jar;C:\Users\angga.pangestika\.m2\repository\org\springframework\boot\spring-boot-starter\2.1.6.RELEASE\spring-boot-starter-2.1.6.RELEASE.jar;C:\Users\angga.pangestika\.m2\repository\org\springframework\boot\spring-boot-autoconfigure\2.1.6.RELEASE\spring-boot-autoconfigure-2.1.6.RELEASE.jar;C:\Users\angga.pangestika\.m2\repository\org\springframework\boot\spring-boot-starter-logging\2.1.6.RELEASE\spring-boot-starter-logging-2.1.6.RELEASE.jar;C:\Users\angga.pangestika\.m2\repository\ch\qos\logback\logback-classic\1.2.3\logback-classic-1.2.3.jar;C:\Users\angga.pangestika\.m2\repository\ch\qos\logback\logback-core\1.2.3\logback-core-1.2.3.jar;C:\Users\angga.pangestika\.m2\repository\org\apache\logging\log4j\log4j-to-slf4j\2.11.2\log4j-to-slf4j-2.11.2.jar;C:\Users\angga.pangestika\.m2\repository\org\apache\logging\log4j\log4j-api\2.11.2\log4j-api-2.11.2.jar;C:\Users\angga.pangestika\.m2\repository\org\slf4j\jul-to-slf4j\1.7.26\jul-to-slf4j-1.7.26.jar;C:\Users\angga.pangestika\.m2\repository\javax\annotation\javax.annotation-api\1.3.2\javax.annotation-api-1.3.2.jar;C:\Users\angga.pangestika\.m2\repository\org\springframework\boot\spring-boot-test\2.1.6.RELEASE\spring-boot-test-2.1.6.RELEASE.jar;C:\Users\angga.pangestika\.m2\repository\org\springframework\boot\spring-boot-test-autoconfigure\2.1.6.RELEASE\spring-boot-test-autoconfigure-2.1.6.RELEASE.jar;C:\Users\angga.pangestika\.m2\repository\com\jayway\jsonpath\json-path\2.4.0\json-path-2.4.0.jar;C:\Users\angga.pangestika\.m2\repository\net\minidev\json-smart\2.3\json-smart-2.3.jar;C:\Users\angga.pangestika\.m2\repository\net\minidev\accessors-smart\1.2\accessors-smart-1.2.jar;C:\Users\angga.pangestika\.m2\repository\org\assertj\assertj-core\3.11.1\assertj-core-3.11.1.jar;C:\Users\angga.pangestika\.m2\repository\org\skyscreamer\jsonassert\1.5.0\jsonassert-1.5.0.jar;C:\Users\angga.pangestika\.m2\repository\com\vaadin\external\google\android-json\0.0.20131108.vaadin1\android-json-0.0.20131108.vaadin1.jar;C:\Users\angga.pangestika\.m2\repository\org\xmlunit\xmlunit-core\2.6.2\xmlunit-core-2.6.2.jar;C:\Users\angga.pangestika\.m2\repository\org\slf4j\slf4j-simple\1.7.7\slf4j-simple-1.7.7.jar;C:\Users\angga.pangestika\.m2\repository\org\junit\jupiter\junit-jupiter-api\5.5.0\junit-jupiter-api-5.5.0.jar;C:\Users\angga.pangestika\.m2\repository\org\apiguardian\apiguardian-api\1.1.0\apiguardian-api-1.1.0.jar;C:\Users\angga.pangestika\.m2\repository\org\opentest4j\opentest4j\1.2.0\opentest4j-1.2.0.jar;C:\Users\angga.pangestika\.m2\repository\org\junit\platform\junit-platform-commons\1.5.0\junit-platform-commons-1.5.0.jar;C:\Users\angga.pangestika\.m2\repository\io\rest-assured\rest-assured\4.0.0\rest-assured-4.0.0.jar;C:\Users\angga.pangestika\.m2\repository\org\codehaus\groovy\groovy-xml\2.5.6\groovy-xml-2.5.6.jar;C:\Users\angga.pangestika\.m2\repository\org\ccil\cowan\tagsoup\tagsoup\1.2.1\tagsoup-1.2.1.jar;C:\Users\angga.pangestika\.m2\repository\io\rest-assured\xml-path\4.0.0\xml-path-4.0.0.jar;C:\Users\angga.pangestika\.m2\repository\com\sun\xml\bind\jaxb-osgi\2.2.10\jaxb-osgi-2.2.10.jar;C:\Users\angga.pangestika\.m2\repository\org\apache\sling\org.apache.sling.javax.activation\0.1.0\org.apache.sling.javax.activation-0.1.0.jar;C:\Users\angga.pangestika\.m2\repository\io\rest-assured\json-path\4.0.0\json-path-4.0.0.jar;C:\Users\angga.pangestika\.m2\repository\org\codehaus\groovy\groovy-json\2.5.6\groovy-json-2.5.6.jar;C:\Users\angga.pangestika\.m2\repository\io\rest-assured\rest-assured-common\4.0.0\rest-assured-common-4.0.0.jar;C:\Users\angga.pangestika\.m2\repository\com\fasterxml\jackson\core\jackson-databind\2.9.9.1\jackson-databind-2.9.9.1.jar;C:\Users\angga.pangestika\.m2\repository\com\fasterxml\jackson\core\jackson-annotations\2.9.0\jackson-annotations-2.9.0.jar;C:\Users\angga.pangestika\.m2\repository\com\fasterxml\jackson\core\jackson-core\2.9.9\jackson-core-2.9.9.jar;"/>
    <property name="java.vm.vendor" value="Oracle Corporation"/>
    <property name="sun.arch.data.model" value="64"/>
    <property name="user.variant" value=""/>
    <property name="java.vendor.url" value="http://java.oracle.com/"/>
    <property name="user.timezone" value="Asia/Bangkok"/>
    <property name="java.vm.specification.version" value="1.8"/>
    <property name="os.name" value="Windows 10"/>
    <property name="user.country" value="US"/>
    <property name="sun.java.launcher" value="SUN_STANDARD"/>
    <property name="sun.boot.library.path" value="C:\Program Files\Java\jdk1.8.0_211\jre\bin"/>
    <property name="sun.java.command" value="C:\Users\ANGGA~1.PAN\AppData\Local\Temp\surefire7965536638375330278\surefirebooter924984631934767680.jar C:\Users\angga.pangestika\AppData\Local\Temp\surefire7965536638375330278 2020-03-26T23-06-48_570-jvmRun1 surefire8767975572732511466tmp surefire_05473497673026931754tmp"/>
    <property name="surefire.test.class.path" value="D:\latihan\serenity-spring-integration-master\target\test-classes;D:\latihan\serenity-spring-integration-master\target\autothon-trial-1.0.0-SNAPSHOT.jar;C:\Users\angga.pangestika\.m2\repository\net\serenity-bdd\serenity-core\2.0.54\serenity-core-2.0.54.jar;C:\Users\angga.pangestika\.m2\repository\net\bytebuddy\byte-buddy\1.9.12\byte-buddy-1.9.12.jar;C:\Users\angga.pangestika\.m2\repository\net\bytebuddy\byte-buddy-agent\1.9.12\byte-buddy-agent-1.9.12.jar;C:\Users\angga.pangestika\.m2\repository\com\google\guava\guava\25.0-jre\guava-25.0-jre.jar;C:\Users\angga.pangestika\.m2\repository\com\google\code\findbugs\jsr305\1.3.9\jsr305-1.3.9.jar;C:\Users\angga.pangestika\.m2\repository\org\checkerframework\checker-compat-qual\2.0.0\checker-compat-qual-2.0.0.jar;C:\Users\angga.pangestika\.m2\repository\com\google\errorprone\error_prone_annotations\2.1.3\error_prone_annotations-2.1.3.jar;C:\Users\angga.pangestika\.m2\repository\com\google\j2objc\j2objc-annotations\1.1\j2objc-annotations-1.1.jar;C:\Users\angga.pangestika\.m2\repository\org\codehaus\mojo\animal-sniffer-annotations\1.14\animal-sniffer-annotations-1.14.jar;C:\Users\angga.pangestika\.m2\repository\com\google\inject\guice\4.2.2\guice-4.2.2.jar;C:\Users\angga.pangestika\.m2\repository\javax\inject\javax.inject\1\javax.inject-1.jar;C:\Users\angga.pangestika\.m2\repository\aopalliance\aopalliance\1.0\aopalliance-1.0.jar;C:\Users\angga.pangestika\.m2\repository\cglib\cglib\3.2.5\cglib-3.2.5.jar;C:\Users\angga.pangestika\.m2\repository\org\ow2\asm\asm\5.0.3\asm-5.0.3.jar;C:\Users\angga.pangestika\.m2\repository\commons-codec\commons-codec\1.10\commons-codec-1.10.jar;C:\Users\angga.pangestika\.m2\repository\org\objenesis\objenesis\2.6\objenesis-2.6.jar;C:\Users\angga.pangestika\.m2\repository\org\slf4j\slf4j-api\1.7.25\slf4j-api-1.7.25.jar;C:\Users\angga.pangestika\.m2\repository\xml-apis\xml-apis\1.4.01\xml-apis-1.4.01.jar;C:\Users\angga.pangestika\.m2\repository\io\cucumber\cucumber-core\2.4.0\cucumber-core-2.4.0.jar;C:\Users\angga.pangestika\.m2\repository\info\cukes\cucumber-html\0.2.6\cucumber-html-0.2.6.jar;C:\Users\angga.pangestika\.m2\repository\io\cucumber\cucumber-jvm-deps\1.0.6\cucumber-jvm-deps-1.0.6.jar;C:\Users\angga.pangestika\.m2\repository\io\cucumber\gherkin\5.0.0\gherkin-5.0.0.jar;C:\Users\angga.pangestika\.m2\repository\io\cucumber\tag-expressions\1.1.1\tag-expressions-1.1.1.jar;C:\Users\angga.pangestika\.m2\repository\commons-logging\commons-logging\1.2\commons-logging-1.2.jar;C:\Users\angga.pangestika\.m2\repository\junit\junit\4.12\junit-4.12.jar;C:\Users\angga.pangestika\.m2\repository\io\vavr\vavr\0.9.0\vavr-0.9.0.jar;C:\Users\angga.pangestika\.m2\repository\io\vavr\vavr-match\0.9.0\vavr-match-0.9.0.jar;C:\Users\angga.pangestika\.m2\repository\javax\xml\bind\jaxb-api\2.2.12\jaxb-api-2.2.12.jar;C:\Users\angga.pangestika\.m2\repository\com\sun\xml\bind\jaxb-core\2.3.0.1\jaxb-core-2.3.0.1.jar;C:\Users\angga.pangestika\.m2\repository\com\sun\xml\bind\jaxb-impl\2.3.0.1\jaxb-impl-2.3.0.1.jar;C:\Users\angga.pangestika\.m2\repository\javax\activation\activation\1.1.1\activation-1.1.1.jar;C:\Users\angga.pangestika\.m2\repository\org\mockito\mockito-core\2.25.0\mockito-core-2.25.0.jar;C:\Users\angga.pangestika\.m2\repository\net\serenity-bdd\serenity-report-resources\2.0.54\serenity-report-resources-2.0.54.jar;C:\Users\angga.pangestika\.m2\repository\net\serenity-bdd\serenity-model\2.0.54\serenity-model-2.0.54.jar;C:\Users\angga.pangestika\.m2\repository\commons-net\commons-net\3.6\commons-net-3.6.jar;C:\Users\angga.pangestika\.m2\repository\org\apache\commons\commons-text\1.6\commons-text-1.6.jar;C:\Users\angga.pangestika\.m2\repository\net\serenity-bdd\serenity-reports\2.0.54\serenity-reports-2.0.54.jar;C:\Users\angga.pangestika\.m2\repository\net\serenity-bdd\serenity-stats\2.0.54\serenity-stats-2.0.54.jar;C:\Users\angga.pangestika\.m2\repository\org\jetbrains\kotlin\kotlin-stdlib\1.3.31\kotlin-stdlib-1.3.31.jar;C:\Users\angga.pangestika\.m2\repository\org\jetbrains\kotlin\kotlin-stdlib-common\1.3.31\kotlin-stdlib-common-1.3.31.jar;C:\Users\angga.pangestika\.m2\repository\org\jetbrains\annotations\13.0\annotations-13.0.jar;C:\Users\angga.pangestika\.m2\repository\com\google\code\gson\gson\2.8.4\gson-2.8.4.jar;C:\Users\angga.pangestika\.m2\repository\commons-io\commons-io\2.6\commons-io-2.6.jar;C:\Users\angga.pangestika\.m2\repository\org\seleniumhq\selenium\selenium-server\3.141.59\selenium-server-3.141.59.jar;C:\Users\angga.pangestika\.m2\repository\org\seleniumhq\selenium\selenium-firefox-driver\3.141.59\selenium-firefox-driver-3.141.59.jar;C:\Users\angga.pangestika\.m2\repository\org\seleniumhq\selenium\selenium-ie-driver\3.141.59\selenium-ie-driver-3.141.59.jar;C:\Users\angga.pangestika\.m2\repository\com\beust\jcommander\1.72\jcommander-1.72.jar;C:\Users\angga.pangestika\.m2\repository\org\apache\commons\commons-exec\1.3\commons-exec-1.3.jar;C:\Users\angga.pangestika\.m2\repository\net\jcip\jcip-annotations\1.0\jcip-annotations-1.0.jar;C:\Users\angga.pangestika\.m2\repository\org\seleniumhq\selenium\jetty-repacked\9.4.12.v20180830\jetty-repacked-9.4.12.v20180830.jar;C:\Users\angga.pangestika\.m2\repository\com\squareup\okhttp3\okhttp\3.11.0\okhttp-3.11.0.jar;C:\Users\angga.pangestika\.m2\repository\com\squareup\okio\okio\1.14.0\okio-1.14.0.jar;C:\Users\angga.pangestika\.m2\repository\javax\servlet\javax.servlet-api\3.1.0\javax.servlet-api-3.1.0.jar;C:\Users\angga.pangestika\.m2\repository\org\yaml\snakeyaml\1.19\snakeyaml-1.19.jar;C:\Users\angga.pangestika\.m2\repository\org\seleniumhq\selenium\selenium-java\3.141.59\selenium-java-3.141.59.jar;C:\Users\angga.pangestika\.m2\repository\org\seleniumhq\selenium\selenium-api\3.141.59\selenium-api-3.141.59.jar;C:\Users\angga.pangestika\.m2\repository\org\seleniumhq\selenium\selenium-chrome-driver\3.141.59\selenium-chrome-driver-3.141.59.jar;C:\Users\angga.pangestika\.m2\repository\org\seleniumhq\selenium\selenium-edge-driver\3.141.59\selenium-edge-driver-3.141.59.jar;C:\Users\angga.pangestika\.m2\repository\org\seleniumhq\selenium\selenium-remote-driver\3.141.59\selenium-remote-driver-3.141.59.jar;C:\Users\angga.pangestika\.m2\repository\org\seleniumhq\selenium\selenium-safari-driver\3.141.59\selenium-safari-driver-3.141.59.jar;C:\Users\angga.pangestika\.m2\repository\org\seleniumhq\selenium\selenium-opera-driver\3.141.59\selenium-opera-driver-3.141.59.jar;C:\Users\angga.pangestika\.m2\repository\org\seleniumhq\selenium\selenium-support\3.141.59\selenium-support-3.141.59.jar;C:\Users\angga.pangestika\.m2\repository\com\paulhammant\ngwebdriver\1.1.4\ngwebdriver-1.1.4.jar;C:\Users\angga.pangestika\.m2\repository\com\codeborne\phantomjsdriver\1.4.4\phantomjsdriver-1.4.4.jar;C:\Users\angga.pangestika\.m2\repository\org\eclipse\jetty\jetty-util\9.4.8.v20171121\jetty-util-9.4.8.v20171121.jar;C:\Users\angga.pangestika\.m2\repository\org\eclipse\jetty\jetty-io\9.4.8.v20171121\jetty-io-9.4.8.v20171121.jar;C:\Users\angga.pangestika\.m2\repository\org\seleniumhq\selenium\htmlunit-driver\2.33.1\htmlunit-driver-2.33.1.jar;C:\Users\angga.pangestika\.m2\repository\io\appium\java-client\7.0.0\java-client-7.0.0.jar;C:\Users\angga.pangestika\.m2\repository\commons-validator\commons-validator\1.6\commons-validator-1.6.jar;C:\Users\angga.pangestika\.m2\repository\commons-beanutils\commons-beanutils\1.9.2\commons-beanutils-1.9.2.jar;C:\Users\angga.pangestika\.m2\repository\commons-digester\commons-digester\1.8.1\commons-digester-1.8.1.jar;C:\Users\angga.pangestika\.m2\repository\org\aspectj\aspectjweaver\1.9.1\aspectjweaver-1.9.1.jar;C:\Users\angga.pangestika\.m2\repository\org\springframework\spring-context-support\5.1.2.RELEASE\spring-context-support-5.1.2.RELEASE.jar;C:\Users\angga.pangestika\.m2\repository\org\springframework\spring-beans\5.1.2.RELEASE\spring-beans-5.1.2.RELEASE.jar;C:\Users\angga.pangestika\.m2\repository\org\glassfish\tyrus\tyrus-core\1.13.1\tyrus-core-1.13.1.jar;C:\Users\angga.pangestika\.m2\repository\org\glassfish\tyrus\tyrus-spi\1.13.1\tyrus-spi-1.13.1.jar;C:\Users\angga.pangestika\.m2\repository\javax\websocket\javax.websocket-api\1.1\javax.websocket-api-1.1.jar;C:\Users\angga.pangestika\.m2\repository\org\codehaus\groovy\groovy\2.5.5\groovy-2.5.5.jar;C:\Users\angga.pangestika\.m2\repository\net\sf\opencsv\opencsv\2.0\opencsv-2.0.jar;C:\Users\angga.pangestika\.m2\repository\commons-beanutils\commons-beanutils-core\1.8.3\commons-beanutils-core-1.8.3.jar;C:\Users\angga.pangestika\.m2\repository\joda-time\joda-time\2.7\joda-time-2.7.jar;C:\Users\angga.pangestika\.m2\repository\com\thoughtworks\xstream\xstream\1.4.9\xstream-1.4.9.jar;C:\Users\angga.pangestika\.m2\repository\xmlpull\xmlpull\1.1.3.1\xmlpull-1.1.3.1.jar;C:\Users\angga.pangestika\.m2\repository\xpp3\xpp3_min\1.1.4c\xpp3_min-1.1.4c.jar;C:\Users\angga.pangestika\.m2\repository\org\apache\commons\commons-lang3\3.8.1\commons-lang3-3.8.1.jar;C:\Users\angga.pangestika\.m2\repository\commons-collections\commons-collections\3.2.2\commons-collections-3.2.2.jar;C:\Users\angga.pangestika\.m2\repository\org\freemarker\freemarker\2.3.28\freemarker-2.3.28.jar;C:\Users\angga.pangestika\.m2\repository\net\sourceforge\jexcelapi\jxl\2.6.12\jxl-2.6.12.jar;C:\Users\angga.pangestika\.m2\repository\org\hamcrest\hamcrest-core\1.3\hamcrest-core-1.3.jar;C:\Users\angga.pangestika\.m2\repository\org\hamcrest\hamcrest-library\1.3\hamcrest-library-1.3.jar;C:\Users\angga.pangestika\.m2\repository\net\sourceforge\htmlunit\htmlunit\2.33\htmlunit-2.33.jar;C:\Users\angga.pangestika\.m2\repository\net\sourceforge\htmlunit\htmlunit-core-js\2.33\htmlunit-core-js-2.33.jar;C:\Users\angga.pangestika\.m2\repository\net\sourceforge\htmlunit\neko-htmlunit\2.33\neko-htmlunit-2.33.jar;C:\Users\angga.pangestika\.m2\repository\xerces\xercesImpl\2.12.0\xercesImpl-2.12.0.jar;C:\Users\angga.pangestika\.m2\repository\net\sourceforge\htmlunit\htmlunit-cssparser\1.2.0\htmlunit-cssparser-1.2.0.jar;C:\Users\angga.pangestika\.m2\repository\org\eclipse\jetty\websocket\websocket-client\9.4.12.v20180830\websocket-client-9.4.12.v20180830.jar;C:\Users\angga.pangestika\.m2\repository\org\eclipse\jetty\jetty-client\9.4.12.v20180830\jetty-client-9.4.12.v20180830.jar;C:\Users\angga.pangestika\.m2\repository\org\eclipse\jetty\jetty-http\9.4.12.v20180830\jetty-http-9.4.12.v20180830.jar;C:\Users\angga.pangestika\.m2\repository\org\eclipse\jetty\jetty-xml\9.4.12.v20180830\jetty-xml-9.4.12.v20180830.jar;C:\Users\angga.pangestika\.m2\repository\org\eclipse\jetty\websocket\websocket-common\9.4.12.v20180830\websocket-common-9.4.12.v20180830.jar;C:\Users\angga.pangestika\.m2\repository\org\eclipse\jetty\websocket\websocket-api\9.4.12.v20180830\websocket-api-9.4.12.v20180830.jar;C:\Users\angga.pangestika\.m2\repository\org\apache\httpcomponents\httpclient\4.5.5\httpclient-4.5.5.jar;C:\Users\angga.pangestika\.m2\repository\org\apache\httpcomponents\httpcore\4.4.9\httpcore-4.4.9.jar;C:\Users\angga.pangestika\.m2\repository\org\apache\httpcomponents\httpmime\4.5.5\httpmime-4.5.5.jar;C:\Users\angga.pangestika\.m2\repository\org\fluentlenium\fluentlenium-core\0.10.2\fluentlenium-core-0.10.2.jar;C:\Users\angga.pangestika\.m2\repository\com\jhlabs\filters\2.0.235\filters-2.0.235.jar;C:\Users\angga.pangestika\.m2\repository\org\asciidoctor\asciidoctorj\1.5.6\asciidoctorj-1.5.6.jar;C:\Users\angga.pangestika\.m2\repository\org\jruby\jruby-complete\1.7.26\jruby-complete-1.7.26.jar;C:\Users\angga.pangestika\.m2\repository\org\imgscalr\imgscalr-lib\4.2\imgscalr-lib-4.2.jar;C:\Users\angga.pangestika\.m2\repository\javax\el\javax.el-api\2.2.4\javax.el-api-2.2.4.jar;C:\Users\angga.pangestika\.m2\repository\org\glassfish\web\javax.el\2.2.4\javax.el-2.2.4.jar;C:\Users\angga.pangestika\.m2\repository\xalan\xalan\2.7.2\xalan-2.7.2.jar;C:\Users\angga.pangestika\.m2\repository\xalan\serializer\2.7.2\serializer-2.7.2.jar;C:\Users\angga.pangestika\.m2\repository\org\awaitility\awaitility\3.1.0\awaitility-3.1.0.jar;C:\Users\angga.pangestika\.m2\repository\com\typesafe\config\1.3.1\config-1.3.1.jar;C:\Users\angga.pangestika\.m2\repository\org\jsoup\jsoup\1.10.3\jsoup-1.10.3.jar;C:\Users\angga.pangestika\.m2\repository\com\google\jimfs\jimfs\1.1\jimfs-1.1.jar;C:\Users\angga.pangestika\.m2\repository\es\nitaur\markdown\txtmark\0.16\txtmark-0.16.jar;C:\Users\angga.pangestika\.m2\repository\com\vladsch\flexmark\flexmark-all\0.34.30\flexmark-all-0.34.30.jar;C:\Users\angga.pangestika\.m2\repository\com\vladsch\flexmark\flexmark\0.34.30\flexmark-0.34.30.jar;C:\Users\angga.pangestika\.m2\repository\com\vladsch\flexmark\flexmark-ext-abbreviation\0.34.30\flexmark-ext-abbreviation-0.34.30.jar;C:\Users\angga.pangestika\.m2\repository\com\vladsch\flexmark\flexmark-ext-admonition\0.34.30\flexmark-ext-admonition-0.34.30.jar;C:\Users\angga.pangestika\.m2\repository\com\vladsch\flexmark\flexmark-ext-anchorlink\0.34.30\flexmark-ext-anchorlink-0.34.30.jar;C:\Users\angga.pangestika\.m2\repository\com\vladsch\flexmark\flexmark-ext-aside\0.34.30\flexmark-ext-aside-0.34.30.jar;C:\Users\angga.pangestika\.m2\repository\com\vladsch\flexmark\flexmark-ext-attributes\0.34.30\flexmark-ext-attributes-0.34.30.jar;C:\Users\angga.pangestika\.m2\repository\com\vladsch\flexmark\flexmark-ext-autolink\0.34.30\flexmark-ext-autolink-0.34.30.jar;C:\Users\angga.pangestika\.m2\repository\org\nibor\autolink\autolink\0.6.0\autolink-0.6.0.jar;C:\Users\angga.pangestika\.m2\repository\com\vladsch\flexmark\flexmark-ext-definition\0.34.30\flexmark-ext-definition-0.34.30.jar;C:\Users\angga.pangestika\.m2\repository\com\vladsch\flexmark\flexmark-ext-emoji\0.34.30\flexmark-ext-emoji-0.34.30.jar;C:\Users\angga.pangestika\.m2\repository\com\vladsch\flexmark\flexmark-ext-enumerated-reference\0.34.30\flexmark-ext-enumerated-reference-0.34.30.jar;C:\Users\angga.pangestika\.m2\repository\com\vladsch\flexmark\flexmark-ext-escaped-character\0.34.30\flexmark-ext-escaped-character-0.34.30.jar;C:\Users\angga.pangestika\.m2\repository\com\vladsch\flexmark\flexmark-ext-footnotes\0.34.30\flexmark-ext-footnotes-0.34.30.jar;C:\Users\angga.pangestika\.m2\repository\com\vladsch\flexmark\flexmark-ext-gfm-issues\0.34.30\flexmark-ext-gfm-issues-0.34.30.jar;C:\Users\angga.pangestika\.m2\repository\com\vladsch\flexmark\flexmark-ext-gfm-strikethrough\0.34.30\flexmark-ext-gfm-strikethrough-0.34.30.jar;C:\Users\angga.pangestika\.m2\repository\com\vladsch\flexmark\flexmark-ext-gfm-tables\0.34.30\flexmark-ext-gfm-tables-0.34.30.jar;C:\Users\angga.pangestika\.m2\repository\com\vladsch\flexmark\flexmark-ext-gfm-tasklist\0.34.30\flexmark-ext-gfm-tasklist-0.34.30.jar;C:\Users\angga.pangestika\.m2\repository\com\vladsch\flexmark\flexmark-ext-gfm-users\0.34.30\flexmark-ext-gfm-users-0.34.30.jar;C:\Users\angga.pangestika\.m2\repository\com\vladsch\flexmark\flexmark-ext-gitlab\0.34.30\flexmark-ext-gitlab-0.34.30.jar;C:\Users\angga.pangestika\.m2\repository\com\vladsch\flexmark\flexmark-ext-jekyll-front-matter\0.34.30\flexmark-ext-jekyll-front-matter-0.34.30.jar;C:\Users\angga.pangestika\.m2\repository\com\vladsch\flexmark\flexmark-ext-jekyll-tag\0.34.30\flexmark-ext-jekyll-tag-0.34.30.jar;C:\Users\angga.pangestika\.m2\repository\com\vladsch\flexmark\flexmark-ext-media-tags\0.34.30\flexmark-ext-media-tags-0.34.30.jar;C:\Users\angga.pangestika\.m2\repository\com\vladsch\flexmark\flexmark-test-util\0.34.30\flexmark-test-util-0.34.30.jar;C:\Users\angga.pangestika\.m2\repository\com\vladsch\flexmark\flexmark-ext-ins\0.34.30\flexmark-ext-ins-0.34.30.jar;C:\Users\angga.pangestika\.m2\repository\com\vladsch\flexmark\flexmark-ext-xwiki-macros\0.34.30\flexmark-ext-xwiki-macros-0.34.30.jar;C:\Users\angga.pangestika\.m2\repository\com\vladsch\flexmark\flexmark-ext-superscript\0.34.30\flexmark-ext-superscript-0.34.30.jar;C:\Users\angga.pangestika\.m2\repository\com\vladsch\flexmark\flexmark-ext-tables\0.34.30\flexmark-ext-tables-0.34.30.jar;C:\Users\angga.pangestika\.m2\repository\com\vladsch\flexmark\flexmark-ext-toc\0.34.30\flexmark-ext-toc-0.34.30.jar;C:\Users\angga.pangestika\.m2\repository\com\vladsch\flexmark\flexmark-ext-typographic\0.34.30\flexmark-ext-typographic-0.34.30.jar;C:\Users\angga.pangestika\.m2\repository\com\vladsch\flexmark\flexmark-ext-wikilink\0.34.30\flexmark-ext-wikilink-0.34.30.jar;C:\Users\angga.pangestika\.m2\repository\com\vladsch\flexmark\flexmark-ext-yaml-front-matter\0.34.30\flexmark-ext-yaml-front-matter-0.34.30.jar;C:\Users\angga.pangestika\.m2\repository\com\vladsch\flexmark\flexmark-ext-youtube-embedded\0.34.30\flexmark-ext-youtube-embedded-0.34.30.jar;C:\Users\angga.pangestika\.m2\repository\com\vladsch\flexmark\flexmark-formatter\0.34.30\flexmark-formatter-0.34.30.jar;C:\Users\angga.pangestika\.m2\repository\com\vladsch\flexmark\flexmark-html-parser\0.34.30\flexmark-html-parser-0.34.30.jar;C:\Users\angga.pangestika\.m2\repository\com\vladsch\flexmark\flexmark-jira-converter\0.34.30\flexmark-jira-converter-0.34.30.jar;C:\Users\angga.pangestika\.m2\repository\com\vladsch\flexmark\flexmark-pdf-converter\0.34.30\flexmark-pdf-converter-0.34.30.jar;C:\Users\angga.pangestika\.m2\repository\com\openhtmltopdf\openhtmltopdf-core\0.0.1-RC13\openhtmltopdf-core-0.0.1-RC13.jar;C:\Users\angga.pangestika\.m2\repository\com\openhtmltopdf\openhtmltopdf-pdfbox\0.0.1-RC13\openhtmltopdf-pdfbox-0.0.1-RC13.jar;C:\Users\angga.pangestika\.m2\repository\org\apache\pdfbox\pdfbox\2.0.8\pdfbox-2.0.8.jar;C:\Users\angga.pangestika\.m2\repository\org\apache\pdfbox\fontbox\2.0.8\fontbox-2.0.8.jar;C:\Users\angga.pangestika\.m2\repository\org\apache\pdfbox\xmpbox\2.0.8\xmpbox-2.0.8.jar;C:\Users\angga.pangestika\.m2\repository\de\rototor\pdfbox\graphics2d\0.12\graphics2d-0.12.jar;C:\Users\angga.pangestika\.m2\repository\com\openhtmltopdf\openhtmltopdf-rtl-support\0.0.1-RC13\openhtmltopdf-rtl-support-0.0.1-RC13.jar;C:\Users\angga.pangestika\.m2\repository\com\ibm\icu\icu4j\59.1\icu4j-59.1.jar;C:\Users\angga.pangestika\.m2\repository\com\openhtmltopdf\openhtmltopdf-jsoup-dom-converter\0.0.1-RC13\openhtmltopdf-jsoup-dom-converter-0.0.1-RC13.jar;C:\Users\angga.pangestika\.m2\repository\com\vladsch\flexmark\flexmark-profile-pegdown\0.34.30\flexmark-profile-pegdown-0.34.30.jar;C:\Users\angga.pangestika\.m2\repository\com\vladsch\flexmark\flexmark-util\0.34.30\flexmark-util-0.34.30.jar;C:\Users\angga.pangestika\.m2\repository\com\vladsch\flexmark\flexmark-youtrack-converter\0.34.30\flexmark-youtrack-converter-0.34.30.jar;C:\Users\angga.pangestika\.m2\repository\org\projectlombok\lombok\1.18.8\lombok-1.18.8.jar;C:\Users\angga.pangestika\.m2\repository\log4j\log4j\1.2.17\log4j-1.2.17.jar;C:\Users\angga.pangestika\.m2\repository\net\serenity-bdd\serenity-cucumber\1.9.39\serenity-cucumber-1.9.39.jar;C:\Users\angga.pangestika\.m2\repository\net\serenity-bdd\serenity-screenplay\2.0.52\serenity-screenplay-2.0.52.jar;C:\Users\angga.pangestika\.m2\repository\uk\com\robust-it\cloning\1.9.10\cloning-1.9.10.jar;C:\Users\angga.pangestika\.m2\repository\net\serenity-bdd\serenity-screenplay-webdriver\2.0.52\serenity-screenplay-webdriver-2.0.52.jar;C:\Users\angga.pangestika\.m2\repository\io\cucumber\cucumber-java\2.4.0\cucumber-java-2.4.0.jar;C:\Users\angga.pangestika\.m2\repository\io\cucumber\cucumber-junit\2.4.0\cucumber-junit-2.4.0.jar;C:\Users\angga.pangestika\.m2\repository\org\apache\commons\commons-csv\1.5\commons-csv-1.5.jar;C:\Users\angga.pangestika\.m2\repository\net\serenity-bdd\serenity-spring\2.0.54\serenity-spring-2.0.54.jar;C:\Users\angga.pangestika\.m2\repository\net\serenity-bdd\serenity-junit\2.0.54\serenity-junit-2.0.54.jar;C:\Users\angga.pangestika\.m2\repository\org\springframework\spring-test\5.1.2.RELEASE\spring-test-5.1.2.RELEASE.jar;C:\Users\angga.pangestika\.m2\repository\org\springframework\spring-context\5.1.2.RELEASE\spring-context-5.1.2.RELEASE.jar;C:\Users\angga.pangestika\.m2\repository\org\springframework\spring-aop\5.1.2.RELEASE\spring-aop-5.1.2.RELEASE.jar;C:\Users\angga.pangestika\.m2\repository\org\springframework\spring-expression\5.1.2.RELEASE\spring-expression-5.1.2.RELEASE.jar;C:\Users\angga.pangestika\.m2\repository\org\springframework\boot\spring-boot\2.1.6.RELEASE\spring-boot-2.1.6.RELEASE.jar;C:\Users\angga.pangestika\.m2\repository\org\springframework\spring-core\5.1.8.RELEASE\spring-core-5.1.8.RELEASE.jar;C:\Users\angga.pangestika\.m2\repository\org\springframework\spring-jcl\5.1.8.RELEASE\spring-jcl-5.1.8.RELEASE.jar;C:\Users\angga.pangestika\.m2\repository\org\springframework\boot\spring-boot-starter-test\2.1.6.RELEASE\spring-boot-starter-test-2.1.6.RELEASE.jar;C:\Users\angga.pangestika\.m2\repository\org\springframework\boot\spring-boot-starter\2.1.6.RELEASE\spring-boot-starter-2.1.6.RELEASE.jar;C:\Users\angga.pangestika\.m2\repository\org\springframework\boot\spring-boot-autoconfigure\2.1.6.RELEASE\spring-boot-autoconfigure-2.1.6.RELEASE.jar;C:\Users\angga.pangestika\.m2\repository\org\springframework\boot\spring-boot-starter-logging\2.1.6.RELEASE\spring-boot-starter-logging-2.1.6.RELEASE.jar;C:\Users\angga.pangestika\.m2\repository\ch\qos\logback\logback-classic\1.2.3\logback-classic-1.2.3.jar;C:\Users\angga.pangestika\.m2\repository\ch\qos\logback\logback-core\1.2.3\logback-core-1.2.3.jar;C:\Users\angga.pangestika\.m2\repository\org\apache\logging\log4j\log4j-to-slf4j\2.11.2\log4j-to-slf4j-2.11.2.jar;C:\Users\angga.pangestika\.m2\repository\org\apache\logging\log4j\log4j-api\2.11.2\log4j-api-2.11.2.jar;C:\Users\angga.pangestika\.m2\repository\org\slf4j\jul-to-slf4j\1.7.26\jul-to-slf4j-1.7.26.jar;C:\Users\angga.pangestika\.m2\repository\javax\annotation\javax.annotation-api\1.3.2\javax.annotation-api-1.3.2.jar;C:\Users\angga.pangestika\.m2\repository\org\springframework\boot\spring-boot-test\2.1.6.RELEASE\spring-boot-test-2.1.6.RELEASE.jar;C:\Users\angga.pangestika\.m2\repository\org\springframework\boot\spring-boot-test-autoconfigure\2.1.6.RELEASE\spring-boot-test-autoconfigure-2.1.6.RELEASE.jar;C:\Users\angga.pangestika\.m2\repository\com\jayway\jsonpath\json-path\2.4.0\json-path-2.4.0.jar;C:\Users\angga.pangestika\.m2\repository\net\minidev\json-smart\2.3\json-smart-2.3.jar;C:\Users\angga.pangestika\.m2\repository\net\minidev\accessors-smart\1.2\accessors-smart-1.2.jar;C:\Users\angga.pangestika\.m2\repository\org\assertj\assertj-core\3.11.1\assertj-core-3.11.1.jar;C:\Users\angga.pangestika\.m2\repository\org\skyscreamer\jsonassert\1.5.0\jsonassert-1.5.0.jar;C:\Users\angga.pangestika\.m2\repository\com\vaadin\external\google\android-json\0.0.20131108.vaadin1\android-json-0.0.20131108.vaadin1.jar;C:\Users\angga.pangestika\.m2\repository\org\xmlunit\xmlunit-core\2.6.2\xmlunit-core-2.6.2.jar;C:\Users\angga.pangestika\.m2\repository\org\slf4j\slf4j-simple\1.7.7\slf4j-simple-1.7.7.jar;C:\Users\angga.pangestika\.m2\repository\org\junit\jupiter\junit-jupiter-api\5.5.0\junit-jupiter-api-5.5.0.jar;C:\Users\angga.pangestika\.m2\repository\org\apiguardian\apiguardian-api\1.1.0\apiguardian-api-1.1.0.jar;C:\Users\angga.pangestika\.m2\repository\org\opentest4j\opentest4j\1.2.0\opentest4j-1.2.0.jar;C:\Users\angga.pangestika\.m2\repository\org\junit\platform\junit-platform-commons\1.5.0\junit-platform-commons-1.5.0.jar;C:\Users\angga.pangestika\.m2\repository\io\rest-assured\rest-assured\4.0.0\rest-assured-4.0.0.jar;C:\Users\angga.pangestika\.m2\repository\org\codehaus\groovy\groovy-xml\2.5.6\groovy-xml-2.5.6.jar;C:\Users\angga.pangestika\.m2\repository\org\ccil\cowan\tagsoup\tagsoup\1.2.1\tagsoup-1.2.1.jar;C:\Users\angga.pangestika\.m2\repository\io\rest-assured\xml-path\4.0.0\xml-path-4.0.0.jar;C:\Users\angga.pangestika\.m2\repository\com\sun\xml\bind\jaxb-osgi\2.2.10\jaxb-osgi-2.2.10.jar;C:\Users\angga.pangestika\.m2\repository\org\apache\sling\org.apache.sling.javax.activation\0.1.0\org.apache.sling.javax.activation-0.1.0.jar;C:\Users\angga.pangestika\.m2\repository\io\rest-assured\json-path\4.0.0\json-path-4.0.0.jar;C:\Users\angga.pangestika\.m2\repository\org\codehaus\groovy\groovy-json\2.5.6\groovy-json-2.5.6.jar;C:\Users\angga.pangestika\.m2\repository\io\rest-assured\rest-assured-common\4.0.0\rest-assured-common-4.0.0.jar;C:\Users\angga.pangestika\.m2\repository\com\fasterxml\jackson\core\jackson-databind\2.9.9.1\jackson-databind-2.9.9.1.jar;C:\Users\angga.pangestika\.m2\repository\com\fasterxml\jackson\core\jackson-annotations\2.9.0\jackson-annotations-2.9.0.jar;C:\Users\angga.pangestika\.m2\repository\com\fasterxml\jackson\core\jackson-core\2.9.9\jackson-core-2.9.9.jar;"/>
    <property name="sun.cpu.endian" value="little"/>
    <property name="user.home" value="C:\Users\angga.pangestika"/>
    <property name="user.language" value="en"/>
    <property name="java.specification.vendor" value="Oracle Corporation"/>
    <property name="java.home" value="C:\Program Files\Java\jdk1.8.0_211\jre"/>
    <property name="basedir" value="D:\latihan\serenity-spring-integration-master"/>
    <property name="file.separator" value="\"/>
    <property name="line.separator" value="&#10;"/>
    <property name="java.vm.specification.vendor" value="Oracle Corporation"/>
    <property name="java.specification.name" value="Java Platform API Specification"/>
    <property name="java.awt.graphicsenv" value="sun.awt.Win32GraphicsEnvironment"/>
    <property name="spring.config.location" value="classpath:/application.properties"/>
    <property name="surefire.real.class.path" value="C:\Users\ANGGA~1.PAN\AppData\Local\Temp\surefire7965536638375330278\surefirebooter924984631934767680.jar"/>
    <property name="sun.boot.class.path" value="C:\Program Files\Java\jdk1.8.0_211\jre\lib\resources.jar;C:\Program Files\Java\jdk1.8.0_211\jre\lib\rt.jar;C:\Program Files\Java\jdk1.8.0_211\jre\lib\sunrsasign.jar;C:\Program Files\Java\jdk1.8.0_211\jre\lib\jsse.jar;C:\Program Files\Java\jdk1.8.0_211\jre\lib\jce.jar;C:\Program Files\Java\jdk1.8.0_211\jre\lib\charsets.jar;C:\Program Files\Java\jdk1.8.0_211\jre\lib\jfr.jar;C:\Program Files\Java\jdk1.8.0_211\jre\classes"/>
    <property name="user.script" value=""/>
    <property name="sun.management.compiler" value="HotSpot 64-Bit Tiered Compilers"/>
    <property name="java.runtime.version" value="1.8.0_211-b12"/>
    <property name="user.name" value="angga.pangestika"/>
    <property name="path.separator" value=";"/>
    <property name="os.version" value="10.0"/>
    <property name="java.endorsed.dirs" value="C:\Program Files\Java\jdk1.8.0_211\jre\lib\endorsed"/>
    <property name="java.runtime.name" value="Java(TM) SE Runtime Environment"/>
    <property name="file.encoding" value="Cp1252"/>
    <property name="java.vm.name" value="Java HotSpot(TM) 64-Bit Server VM"/>
    <property name="localRepository" value="C:\Users\angga.pangestika\.m2\repository"/>
    <property name="cucumber.options" value="--junit,--step-notifications"/>
    <property name="java.vendor.url.bug" value="http://bugreport.sun.com/bugreport/"/>
    <property name="java.io.tmpdir" value="C:\Users\ANGGA~1.PAN\AppData\Local\Temp\"/>
    <property name="java.version" value="1.8.0_211"/>
    <property name="user.dir" value="D:\latihan\serenity-spring-integration-master"/>
    <property name="os.arch" value="amd64"/>
    <property name="java.vm.specification.name" value="Java Virtual Machine Specification"/>
    <property name="java.awt.printerjob" value="sun.awt.windows.WPrinterJob"/>
    <property name="sun.os.patch.level" value=""/>
    <property name="java.library.path" value="C:\Program Files\Java\jdk1.8.0_211\jre\bin;C:\Windows\Sun\Java\bin;C:\Windows\system32;C:\Windows;C:\Python27\;C:\Python27\Scripts;C:\Program Files (x86)\NetSarang\Xshell 6\;C:\Program Files (x86)\Common Files\Oracle\Java\javapath;C:\Windows\system32;C:\Windows;C:\Windows\System32\Wbem;C:\Windows\System32\WindowsPowerShell\v1.0\;C:\Windows\System32\OpenSSH\;C:\Program Files\Java\jdk1.8.0_211\bin;D:\Software New\apache-maven-3.6.1\bin;C:\Program Files\Git\cmd;C:\Users\angga.pangestika\AppData\Local\Programs\Python\Python37-32;C:\Users\angga.pangestika\AppData\Local\Programs\Python\Python37-32\Tools\scripts;C:\Go\bin;C:\AppServer;C:\Users\angga.pangestika\AppData\Local\Microsoft\WindowsApps;C:\Users\angga.pangestika\AppData\Local\Programs\Microsoft VS Code\bin;C:\Users\angga.pangestika\AppData\Roaming\npm;C:\Users\angga.pangestika\go\bin;C:\adb;C:\Users\angga.pangestika\AppData\Local\Programs\Python\Python36\Scripts;C:\Users\angga.pangestika\AppData\Local\Programs\Python\Python36;C:\Program Files\nodejs\;C:\ProgramData\chocolatey\bin;C:\Users\angga.pangestika\AppData\Local\Microsoft\WindowsApps;C:\Users\angga.pangestika\AppData\Local\Programs\Microsoft VS Code\bin;C:\Users\angga.pangestika\go\bin;C:\Users\angga.pangestika\AppData\Local\Programs\Fiddler;C:\Users\angga.pangestika\AppData\Local\atom\bin;C:\Users\angga.pangestika\AppData\Local\Programs\Python\Python36;C:\Users\angga.pangestika\AppData\Roaming\npm;."/>
    <property name="java.vm.info" value="mixed mode"/>
    <property name="java.vendor" value="Oracle Corporation"/>
    <property name="java.vm.version" value="25.211-b12"/>
    <property name="java.ext.dirs" value="C:\Program Files\Java\jdk1.8.0_211\jre\lib\ext;C:\Windows\Sun\Java\lib\ext"/>
    <property name="sun.io.unicode.encoding" value="UnicodeLittle"/>
    <property name="java.class.version" value="52.0"/>
  </properties>
  <testcase name="[stockbit - Login] user open stockbit login page" classname="Send link reset with valid email" time="13.567"/>
  <testcase name="[stockbit - Login] user click link forgot password" classname="Send link reset with valid email" time="1.22"/>
  <testcase name="[stockbit - Forgot] user input valid email &apos;anggastika@outlook.co.id&apos;" classname="Send link reset with valid email" time="3.026"/>
  <testcase name="[stockbit - Forgot] user click submit" classname="Send link reset with valid email" time="0.967"/>
  <testcase name="[stockbit - Forgot] user get info to check email" classname="Send link reset with valid email" time="0.581"/>
  <testcase name="Send link reset with valid email" classname="Send link reset with valid email" time="2.471"/>
  <testcase name="[stockbit - Login] user open stockbit login page" classname="Send link reset with invalid email" time="8.005"/>
  <testcase name="[stockbit - Login] user open stockbit login page" classname="Send link reset with invalid email" time="7.862"/>
  <testcase name="[stockbit - Login] user click link forgot password" classname="Send link reset with invalid email" time="1.033"/>
  <testcase name="[stockbit - Login] user click link forgot password" classname="Send link reset with invalid email" time="1.153"/>
  <testcase name="[stockbit - Forgot] user input valid email &apos;anggastika@mailinator.com&apos;" classname="Send link reset with invalid email" time="3.086"/>
  <testcase name="[stockbit - Forgot] user click submit" classname="Send link reset with invalid email" time="0.687"/>
  <testcase name="[stockbit - Forgot] user click submit" classname="Send link reset with invalid email" time="1.069"/>
  <testcase name="[stockbit - Login] showing error message" classname="Send link reset with invalid email" time="0.621"/>
  <testcase name="[stockbit - Login] showing error message" classname="Send link reset with invalid email" time="0.552"/>
  <testcase name="Send link reset with invalid email" classname="Send link reset with invalid email" time="2.229"/>
  <testcase name="Send link reset with invalid email" classname="Send link reset with invalid email" time="2.241"/>
  <testcase name="[stockbit - Forgot] user input valid email &apos;acink&apos;" classname="Send link reset with invalid email" time="2.914"/>
  <testcase name="[stockbit - Login] user open stockbit login page" classname="Success login" time="10.216"/>
  <testcase name="[stockbit - Login] user input username &apos;anggastika&apos;" classname="Success login" time="1.508"/>
  <testcase name="[stockbit - Login] user input password &apos;automation87&apos;" classname="Success login" time="0.827"/>
  <testcase name="[stockbit - Login] user click login button" classname="Success login" time="3.412"/>
  <testcase name="[stockbit - Homepage] user is in homepage" classname="Success login" time="7.497"/>
  <testcase name="Success login" classname="Success login" time="8.973"/>
  <testcase name="[stockbit - Login] user open stockbit login page" classname="Success login with valid" time="8.152"/>
  <testcase name="[stockbit - Login] user input username &apos;anggastika@outlook.co.id&apos;" classname="Success login with valid" time="1.284"/>
  <testcase name="[stockbit - Login] user input password &apos;automation87&apos;" classname="Success login with valid" time="0.783"/>
  <testcase name="[stockbit - Login] user click login button" classname="Success login with valid" time="11.203"/>
  <testcase name="[stockbit - Homepage] user is in homepage" classname="Success login with valid" time="5.43"/>
  <testcase name="Success login with valid" classname="Success login with valid" time="7.04"/>
  <testcase name="[stockbit - Login] user open stockbit login page" classname="Fail login With Invalid Email" time="7.287"/>
  <testcase name="[stockbit - Login] user input username &apos;anggastika@mailinator.com&apos;" classname="Fail login With Invalid Email" time="1.664"/>
  <testcase name="[stockbit - Login] user input password &apos;automation87&apos;" classname="Fail login With Invalid Email" time="1.069"/>
  <testcase name="[stockbit - Login] user click login button" classname="Fail login With Invalid Email" time="0.699"/>
  <testcase name="[stockbit - Login] showing error message" classname="Fail login With Invalid Email" time="0.532"/>
  <testcase name="Fail login With Invalid Email" classname="Fail login With Invalid Email" time="2.624"/>
  <testcase name="[stockbit - Login] user open stockbit login page" classname="Fail login With Wrong Password" time="7.242"/>
  <testcase name="[stockbit - Login] user open stockbit login page" classname="Fail login With Wrong Password" time="9.537"/>
  <testcase name="[stockbit - Login] user input username &apos;anggastika&apos;" classname="Fail login With Wrong Password" time="0.877"/>
  <testcase name="[stockbit - Login] user input password &apos;automation88&apos;" classname="Fail login With Wrong Password" time="0.781"/>
  <testcase name="[stockbit - Login] user input password &apos;automation88&apos;" classname="Fail login With Wrong Password" time="0.89"/>
  <testcase name="[stockbit - Login] user click login button" classname="Fail login With Wrong Password" time="0.686"/>
  <testcase name="[stockbit - Login] user click login button" classname="Fail login With Wrong Password" time="0.824"/>
  <testcase name="[stockbit - Login] showing error message" classname="Fail login With Wrong Password" time="0.583"/>
  <testcase name="[stockbit - Login] showing error message" classname="Fail login With Wrong Password" time="0.715"/>
  <testcase name="Fail login With Wrong Password" classname="Fail login With Wrong Password" time="2.184"/>
  <testcase name="Fail login With Wrong Password" classname="Fail login With Wrong Password" time="2.463"/>
  <testcase name="[stockbit - Login] user input username &apos;anggastiki&apos;" classname="Fail login With Wrong Password" time="0.699"/>
  <testcase name="[stockbit - Login] user open stockbit login page" classname="Fail login With Wrong Username And Wrong Password" time="8.805"/>
  <testcase name="[stockbit - Login] user input username &apos;anggastiki&apos;" classname="Fail login With Wrong Username And Wrong Password" time="1.035"/>
  <testcase name="[stockbit - Login] user input password &apos;automation88&apos;" classname="Fail login With Wrong Username And Wrong Password" time="1.239"/>
  <testcase name="[stockbit - Login] user click login button" classname="Fail login With Wrong Username And Wrong Password" time="0.763"/>
  <testcase name="[stockbit - Login] showing error message" classname="Fail login With Wrong Username And Wrong Password" time="0.53"/>
  <testcase name="Fail login With Wrong Username And Wrong Password" classname="Fail login With Wrong Username And Wrong Password" time="2.419"/>
  <testcase name="[stockbit - Login] user open stockbit login page" classname="Fail login With Blank Password" time="9.717"/>
  <testcase name="[stockbit - Login] user input username &apos;anggastika&apos;" classname="Fail login With Blank Password" time="0.921"/>
  <testcase name="[stockbit - Login] user input password &apos;&apos;" classname="Fail login With Blank Password" time="0.868"/>
  <testcase name="[stockbit - Login] user click login button" classname="Fail login With Blank Password" time="0.885"/>
  <testcase name="[stockbit - Login] showing tooltip and button login is still visible" classname="Fail login With Blank Password" time="0.58"/>
  <testcase name="Fail login With Blank Password" classname="Fail login With Blank Password" time="3.25"/>
  <testcase name="[stockbit - Login] user open stockbit login page" classname="Fail login With Blank Username" time="6.63"/>
  <testcase name="[stockbit - Login] user input username &apos;&apos;" classname="Fail login With Blank Username" time="0.773"/>
  <testcase name="[stockbit - Login] user input password &apos;wrongpass&apos;" classname="Fail login With Blank Username" time="1.182"/>
  <testcase name="[stockbit - Login] user click login button" classname="Fail login With Blank Username" time="0.972"/>
  <testcase name="[stockbit - Login] showing tooltip and button login is still visible" classname="Fail login With Blank Username" time="0.985"/>
  <testcase name="Fail login With Blank Username" classname="Fail login With Blank Username" time="2.58"/>
  <testcase name="[stockbit - Login] user open stockbit login page" classname="Fail login With Blank Username and Blank Password" time="8.307"/>
  <testcase name="[stockbit - Login] user input username &apos;&apos;" classname="Fail login With Blank Username and Blank Password" time="0.769"/>
  <testcase name="[stockbit - Login] user input password &apos;&apos;" classname="Fail login With Blank Username and Blank Password" time="0.798"/>
  <testcase name="[stockbit - Login] user click login button" classname="Fail login With Blank Username and Blank Password" time="0.823"/>
  <testcase name="[stockbit - Login] showing tooltip and button login is still visible" classname="Fail login With Blank Username and Blank Password" time="0.627"/>
  <testcase name="Fail login With Blank Username and Blank Password" classname="Fail login With Blank Username and Blank Password" time="3.119"/>
</testsuite>